SF:lib\src\asms\better_player_asms_audio_track.dart
DA:21,2
LF:1
LH:1
end_of_record
SF:lib\src\asms\better_player_asms_data_holder.dart
DA:10,1
LF:1
LH:1
end_of_record
SF:lib\src\asms\better_player_asms_subtitle.dart
DA:36,1
LF:1
LH:1
end_of_record
SF:lib\src\asms\better_player_asms_subtitle_segment.dart
DA:14,1
LF:1
LH:1
end_of_record
SF:lib\src\asms\better_player_asms_track.dart
DA:24,6
DA:34,5
DA:35,5
DA:38,0
DA:40,0
DA:42,2
DA:44,2
DA:45,6
DA:46,6
DA:47,6
DA:48,6
DA:49,6
DA:50,6
LF:13
LH:11
end_of_record
SF:lib\src\asms\better_player_asms_utils.dart
DA:14,0
DA:15,0
DA:18,0
DA:19,0
DA:22,10
DA:25,10
DA:28,0
DA:32,0
DA:33,0
DA:34,0
DA:39,0
DA:44,0
DA:46,0
DA:49,0
DA:51,0
DA:52,0
DA:53,0
DA:57,0
LF:18
LH:2
end_of_record
SF:lib\src\clearkey\better_player_clearkey_utils.dart
DA:7,3
DA:10,1
DA:14,1
DA:15,2
DA:16,1
DA:17,2
DA:18,4
DA:21,1
DA:24,1
DA:26,3
DA:27,1
DA:30,1
DA:32,3
DA:34,1
DA:35,1
DA:36,2
DA:37,5
DA:38,1
LF:18
LH:18
end_of_record
SF:lib\src\configuration\better_player_buffering_configuration.dart
DA:28,3
LF:1
LH:1
end_of_record
SF:lib\src\configuration\better_player_cache_configuration.dart
DA:25,3
LF:1
LH:1
end_of_record
SF:lib\src\configuration\better_player_configuration.dart
DA:121,4
DA:161,1
DA:192,1
DA:193,1
DA:194,1
DA:195,1
DA:196,1
DA:197,1
DA:198,1
DA:200,1
DA:201,1
DA:202,1
DA:203,1
DA:204,1
DA:206,1
DA:208,1
DA:210,1
DA:212,1
DA:213,1
DA:214,1
DA:216,1
DA:218,1
DA:219,1
DA:220,1
DA:222,0
DA:223,1
DA:226,1
DA:227,1
DA:228,1
DA:229,1
DA:230,1
LF:31
LH:30
end_of_record
SF:lib\src\configuration\better_player_controls_configuration.dart
DA:166,3
DA:220,0
DA:232,0
DA:244,0
DA:245,0
DA:246,0
DA:247,0
LF:7
LH:1
end_of_record
SF:lib\src\configuration\better_player_data_source.dart
DA:78,6
DA:102,12
DA:103,2
DA:104,1
DA:105,2
DA:111,5
DA:130,5
DA:152,1
DA:163,1
DA:180,1
DA:192,1
DA:209,2
DA:231,2
DA:232,2
DA:233,0
DA:234,2
DA:235,2
DA:236,2
DA:237,2
DA:238,2
DA:239,2
DA:240,2
DA:241,2
DA:242,2
DA:244,0
DA:245,2
DA:246,2
DA:247,2
DA:248,2
DA:249,2
DA:251,0
LF:31
LH:28
end_of_record
SF:lib\src\configuration\better_player_drm_configuration.dart
DA:23,2
LF:1
LH:1
end_of_record
SF:lib\src\configuration\better_player_event.dart
DA:9,5
LF:1
LH:1
end_of_record
SF:lib\src\configuration\better_player_notification_configuration.dart
DA:23,3
LF:1
LH:1
end_of_record
SF:lib\src\configuration\better_player_translations.dart
DA:17,7
DA:33,4
DA:48,2
DA:64,2
DA:80,2
DA:96,2
DA:112,2
DA:128,2
LF:8
LH:8
end_of_record
SF:lib\src\controls\better_player_controls_state.dart
DA:26,4
DA:27,4
DA:28,4
DA:29,9
DA:30,3
DA:31,3
DA:34,0
DA:35,0
DA:36,0
DA:37,0
DA:38,0
DA:39,0
DA:40,0
DA:41,0
DA:43,0
DA:44,0
DA:45,0
DA:49,0
DA:50,0
DA:51,0
DA:52,0
DA:53,0
DA:54,0
DA:55,0
DA:56,0
DA:58,0
DA:59,0
DA:63,0
DA:64,0
DA:67,0
DA:68,0
DA:69,0
DA:71,0
DA:72,0
DA:73,0
DA:74,0
DA:75,0
DA:76,0
DA:77,0
DA:78,0
DA:79,0
DA:81,0
DA:82,0
DA:83,0
DA:84,0
DA:85,0
DA:86,0
DA:88,0
DA:89,0
DA:90,0
DA:91,0
DA:92,0
DA:93,0
DA:95,0
DA:96,0
DA:97,0
DA:98,0
DA:99,0
DA:100,0
DA:102,0
DA:103,0
DA:104,0
DA:105,0
DA:106,0
DA:107,0
DA:108,0
DA:109,0
DA:110,0
DA:120,0
DA:125,0
DA:127,0
DA:129,0
DA:130,0
DA:132,0
DA:134,0
DA:137,0
DA:139,0
DA:147,0
DA:148,0
DA:149,0
DA:150,0
DA:151,0
DA:152,0
DA:153,0
DA:154,0
DA:155,0
DA:156,0
DA:160,0
DA:162,0
DA:164,0
DA:165,0
DA:166,0
DA:167,0
DA:169,0
DA:171,0
DA:172,0
DA:173,0
DA:174,0
DA:176,0
DA:178,0
DA:182,0
DA:183,0
DA:184,0
DA:193,4
DA:195,8
DA:199,3
DA:202,9
DA:203,0
DA:207,0
DA:209,0
DA:210,0
DA:211,0
DA:219,0
DA:221,0
DA:222,0
DA:223,0
DA:227,0
DA:228,0
DA:234,0
DA:235,0
DA:239,0
DA:241,0
DA:242,0
DA:243,0
DA:244,0
DA:246,0
DA:247,0
DA:248,0
DA:249,0
DA:251,0
DA:253,0
DA:254,0
DA:255,0
DA:256,0
DA:258,0
DA:260,0
DA:264,0
DA:265,0
DA:266,0
DA:267,0
DA:268,0
DA:269,0
DA:280,0
DA:283,0
DA:284,0
DA:285,0
DA:286,0
DA:287,0
DA:290,0
DA:291,0
DA:294,0
DA:296,0
DA:301,0
DA:302,0
DA:303,0
DA:306,0
DA:307,0
DA:308,0
DA:309,0
DA:310,0
DA:315,0
DA:318,0
DA:319,0
DA:320,0
DA:321,0
DA:322,0
DA:324,0
DA:326,0
DA:327,0
DA:329,0
DA:330,0
DA:331,0
DA:332,0
DA:334,0
DA:336,0
DA:337,0
DA:338,0
DA:339,0
DA:341,0
DA:343,0
DA:347,0
DA:349,0
DA:357,0
DA:359,0
DA:360,0
DA:361,0
DA:362,0
DA:363,0
DA:365,0
DA:367,0
DA:368,0
DA:369,0
DA:370,0
DA:372,0
DA:374,0
DA:378,0
DA:380,0
DA:388,0
DA:390,0
DA:391,0
DA:393,0
DA:395,0
DA:397,0
DA:398,0
DA:402,0
DA:403,0
DA:404,0
DA:405,0
DA:406,0
DA:413,0
DA:416,0
DA:420,0
DA:421,0
DA:422,0
DA:423,0
DA:425,0
DA:427,0
DA:428,0
DA:429,0
DA:430,0
DA:432,0
DA:434,0
DA:438,0
DA:439,0
DA:440,0
DA:448,0
DA:449,0
DA:452,0
DA:453,0
DA:454,0
DA:458,0
DA:459,0
DA:460,0
DA:461,0
DA:464,0
DA:465,0
DA:467,0
DA:469,0
DA:471,0
DA:472,0
DA:474,0
DA:476,0
DA:478,0
DA:479,0
DA:486,0
DA:496,0
DA:497,0
DA:499,0
DA:501,0
DA:503,0
DA:504,0
DA:506,0
DA:508,0
DA:510,0
DA:511,0
DA:517,0
DA:529,4
DA:530,4
DA:534,3
DA:535,6
DA:537,0
DA:538,0
DA:541,3
LF:263
LH:15
end_of_record
SF:lib\src\controls\better_player_multiple_gesture_detector.dart
DA:10,1
DA:18,1
DA:19,1
DA:23,1
LF:4
LH:4
end_of_record
SF:lib\src\controls\better_player_overflow_menu_item.dart
DA:15,1
LF:1
LH:1
end_of_record
SF:lib\src\controls\better_player_progress_colors.dart
DA:6,5
DA:11,10
DA:12,10
DA:13,10
DA:14,10
LF:5
LH:5
end_of_record
SF:lib\src\core\better_player.dart
DA:13,4
DA:15,1
DA:19,1
DA:20,1
DA:23,1
DA:27,1
DA:31,1
DA:32,1
DA:35,1
DA:41,4
DA:43,4
DA:49,0
DA:50,0
DA:63,4
DA:65,4
DA:66,8
DA:69,4
DA:71,4
DA:72,8
DA:73,8
DA:74,4
DA:76,4
DA:77,4
DA:79,4
DA:82,4
DA:83,4
DA:84,20
DA:89,4
DA:90,8
DA:94,0
DA:96,12
DA:99,4
DA:104,4
DA:105,0
DA:106,0
DA:107,0
DA:109,0
DA:111,0
DA:112,0
DA:116,8
DA:117,8
DA:118,12
DA:119,4
DA:120,24
DA:121,4
DA:124,0
DA:126,0
DA:127,0
DA:128,0
DA:129,0
DA:131,0
DA:134,1
DA:136,1
DA:137,0
DA:138,1
DA:139,0
DA:141,2
DA:146,0
DA:147,0
DA:148,0
DA:149,0
DA:151,0
DA:152,0
DA:153,0
DA:154,0
DA:155,0
DA:157,0
DA:161,4
DA:163,4
DA:164,8
DA:165,4
DA:169,0
DA:174,0
DA:176,0
DA:184,0
DA:190,0
DA:192,0
DA:193,0
DA:198,0
DA:203,0
DA:204,0
DA:205,0
DA:208,0
DA:210,0
DA:218,0
DA:226,0
DA:227,0
DA:229,0
DA:232,0
DA:234,0
DA:237,0
DA:239,0
DA:240,0
DA:245,0
DA:250,0
DA:252,0
DA:253,0
DA:254,0
DA:258,0
DA:259,0
DA:262,0
DA:263,0
DA:264,0
DA:268,0
DA:270,0
DA:272,0
DA:274,0
DA:275,0
DA:279,4
DA:280,4
DA:281,20
DA:282,4
DA:283,16
DA:284,4
DA:285,8
DA:290,0
DA:292,0
DA:293,0
LF:118
LH:51
end_of_record
SF:lib\src\core\better_player_controller.dart
DA:49,4
DA:50,4
DA:53,1
DA:54,2
DA:57,6
DA:58,12
DA:64,10
DA:73,10
DA:79,0
DA:80,0
DA:84,0
DA:85,0
DA:94,5
DA:95,5
DA:101,2
DA:113,15
DA:131,5
DA:132,10
DA:143,10
DA:165,0
DA:174,4
DA:180,0
DA:181,0
DA:187,1
DA:188,1
DA:201,4
DA:202,8
DA:213,6
DA:218,6
DA:219,12
DA:220,18
DA:222,2
DA:227,4
DA:229,4
DA:231,4
DA:235,5
DA:236,5
DA:237,5
DA:239,5
DA:244,5
DA:245,5
DA:246,5
DA:247,5
DA:248,10
DA:251,5
DA:252,8
DA:253,4
DA:255,12
DA:259,10
DA:262,5
DA:264,0
DA:265,0
DA:268,5
DA:269,0
DA:270,0
DA:273,5
DA:277,5
DA:278,8
DA:282,5
DA:283,10
DA:284,5
DA:286,5
DA:287,20
DA:290,5
DA:291,10
DA:297,5
DA:298,10
DA:299,10
DA:300,10
DA:301,10
DA:306,0
DA:307,0
DA:308,0
DA:309,0
DA:313,0
DA:316,0
DA:317,0
DA:321,0
DA:322,0
DA:323,0
DA:324,0
DA:325,0
DA:327,0
DA:328,0
DA:329,0
DA:330,0
DA:331,0
DA:332,0
DA:339,0
DA:340,0
DA:341,0
DA:342,0
DA:343,0
DA:352,5
DA:356,5
DA:357,10
DA:358,10
DA:359,5
DA:361,10
DA:362,0
DA:366,0
DA:367,0
DA:370,10
DA:371,5
DA:372,0
DA:383,0
DA:385,0
DA:388,0
DA:389,0
DA:390,0
DA:391,0
DA:392,0
DA:395,0
DA:396,0
DA:397,0
DA:398,0
DA:399,0
DA:401,0
DA:402,0
DA:404,0
DA:406,0
DA:407,0
DA:408,0
DA:409,0
DA:417,0
DA:418,0
DA:419,0
DA:422,0
DA:424,0
DA:430,5
DA:437,0
DA:439,0
DA:441,0
DA:443,0
DA:449,5
DA:450,5
DA:451,5
DA:452,10
DA:453,5
DA:454,5
DA:456,10
DA:458,10
DA:460,10
DA:462,10
DA:463,5
DA:464,10
DA:465,15
DA:466,15
DA:468,15
DA:469,5
DA:470,10
DA:471,10
DA:472,15
DA:473,11
DA:475,11
DA:476,11
DA:478,15
DA:479,11
DA:480,10
DA:483,1
DA:484,2
DA:485,1
DA:486,2
DA:487,1
DA:492,2
DA:493,2
DA:494,1
DA:495,2
DA:496,3
DA:497,3
DA:499,3
DA:500,1
DA:501,2
DA:502,2
DA:504,3
DA:505,2
DA:507,0
DA:508,0
DA:509,0
DA:510,0
DA:513,0
DA:514,0
DA:516,0
DA:517,0
DA:518,0
DA:519,0
DA:521,0
DA:522,0
DA:523,0
DA:524,0
DA:525,0
DA:526,0
DA:527,0
DA:529,0
DA:531,0
DA:535,0
DA:536,0
DA:539,4
DA:544,0
DA:548,0
DA:549,0
DA:550,0
DA:552,0
DA:558,4
DA:559,12
DA:560,6
DA:561,4
DA:563,8
DA:564,8
DA:565,8
DA:567,8
DA:568,8
DA:569,1
DA:570,1
DA:572,1
DA:573,2
DA:574,1
DA:575,1
DA:577,0
DA:580,0
DA:584,0
DA:588,8
DA:590,0
DA:595,0
DA:596,0
DA:597,0
DA:598,0
DA:603,1
DA:604,1
DA:605,1
DA:609,1
DA:610,1
DA:611,1
DA:615,1
DA:616,2
DA:617,1
DA:618,1
DA:620,1
DA:626,2
DA:627,2
DA:628,0
DA:631,4
DA:632,4
DA:633,2
DA:634,2
DA:635,4
DA:636,2
DA:641,4
DA:642,4
DA:643,0
DA:646,8
DA:650,5
DA:651,5
DA:652,0
DA:655,10
DA:656,10
DA:660,2
DA:661,2
DA:662,0
DA:664,6
DA:665,0
DA:668,4
DA:670,2
DA:671,2
DA:673,2
DA:677,6
DA:681,2
DA:682,4
DA:684,1
DA:689,2
DA:690,4
DA:691,0
DA:692,0
DA:694,2
DA:695,0
DA:696,0
DA:698,4
DA:699,2
DA:700,2
DA:702,2
DA:708,1
DA:709,2
DA:710,1
DA:711,1
DA:713,1
DA:714,0
DA:715,0
DA:717,2
DA:718,1
DA:719,1
DA:721,1
DA:729,3
DA:730,3
DA:731,0
DA:733,9
DA:737,1
DA:738,1
DA:739,0
DA:741,3
DA:745,1
DA:746,2
DA:750,1
DA:752,2
DA:754,1
DA:759,4
DA:760,4
DA:762,4
DA:763,1
DA:768,5
DA:769,5
DA:773,5
DA:774,10
DA:776,2
DA:782,4
DA:783,8
DA:784,0
DA:786,4
DA:787,0
DA:788,0
DA:789,0
DA:791,0
DA:792,0
DA:797,4
DA:798,3
DA:799,3
DA:800,6
DA:802,4
DA:803,0
DA:804,4
DA:805,0
DA:806,0
DA:807,0
DA:808,0
DA:810,0
DA:811,0
DA:813,0
DA:816,12
DA:817,0
DA:820,8
DA:821,12
DA:822,4
DA:823,4
DA:824,4
DA:826,4
DA:827,4
DA:828,4
DA:836,2
DA:837,4
DA:842,1
DA:843,2
DA:847,5
DA:848,5
DA:849,1
DA:850,1
DA:852,15
DA:856,2
DA:857,2
DA:858,1
DA:859,1
DA:861,6
DA:866,2
DA:867,2
DA:868,2
DA:869,0
DA:872,0
DA:877,2
DA:878,6
DA:879,6
DA:880,4
DA:884,1
DA:885,2
DA:886,2
DA:887,1
DA:888,1
DA:890,1
DA:891,3
DA:893,3
DA:899,1
DA:900,1
DA:901,3
DA:902,1
DA:903,1
DA:907,0
DA:908,0
DA:909,0
DA:910,0
DA:911,0
DA:916,4
DA:917,4
DA:918,0
DA:920,4
DA:921,4
DA:923,4
DA:924,4
DA:925,4
DA:926,4
DA:927,4
DA:928,4
DA:929,4
DA:930,4
DA:935,4
DA:936,16
DA:937,4
DA:941,5
DA:942,5
DA:943,15
DA:945,10
DA:953,5
DA:954,10
DA:955,5
DA:958,5
DA:959,5
DA:962,5
DA:963,10
DA:964,1
DA:965,2
DA:967,4
DA:968,2
DA:969,1
DA:971,9
DA:972,1
DA:980,1
DA:981,1
DA:982,0
DA:984,2
DA:985,1
DA:986,1
DA:987,3
DA:988,1
DA:990,0
DA:992,1
DA:993,1
DA:995,1
DA:1002,5
DA:1005,5
DA:1006,15
DA:1007,0
DA:1009,5
DA:1011,0
DA:1017,5
DA:1018,5
DA:1020,5
DA:1021,1
DA:1022,5
DA:1023,0
DA:1024,5
DA:1025,0
DA:1026,5
DA:1027,0
DA:1028,5
DA:1029,0
DA:1030,5
DA:1031,0
DA:1033,5
DA:1038,0
DA:1044,1
DA:1045,1
DA:1046,1
DA:1047,1
DA:1048,3
DA:1049,1
DA:1052,1
DA:1053,2
DA:1054,1
DA:1061,1
DA:1062,1
DA:1068,5
DA:1069,13
DA:1074,1
DA:1075,1
DA:1081,5
DA:1082,13
DA:1088,0
DA:1089,0
DA:1090,0
DA:1094,0
DA:1097,0
DA:1098,0
DA:1099,0
DA:1100,0
DA:1101,0
DA:1102,0
DA:1108,0
DA:1109,0
DA:1112,0
DA:1113,0
DA:1114,0
DA:1116,0
DA:1121,0
DA:1122,0
DA:1123,0
DA:1124,0
DA:1125,0
DA:1126,0
DA:1129,0
DA:1132,0
DA:1140,0
DA:1141,0
DA:1142,0
DA:1144,0
DA:1149,0
DA:1150,0
DA:1154,4
DA:1155,4
DA:1156,0
DA:1160,8
DA:1162,0
DA:1166,0
DA:1167,0
DA:1168,0
DA:1169,0
DA:1170,0
DA:1171,0
DA:1172,0
DA:1173,0
DA:1174,0
DA:1175,0
DA:1176,0
DA:1177,0
DA:1179,0
DA:1180,0
DA:1181,0
DA:1185,0
DA:1186,0
DA:1187,0
DA:1188,0
DA:1189,0
DA:1191,0
DA:1192,0
DA:1196,0
DA:1197,0
DA:1206,2
DA:1207,2
DA:1208,4
DA:1212,0
DA:1213,0
DA:1214,0
DA:1215,0
DA:1216,0
DA:1217,0
DA:1218,0
DA:1223,1
DA:1224,1
DA:1225,0
DA:1228,1
DA:1229,0
DA:1233,1
DA:1234,4
DA:1238,2
DA:1239,2
DA:1240,0
DA:1243,4
DA:1248,0
DA:1249,0
DA:1254,5
DA:1255,15
DA:1256,16
DA:1258,3
DA:1259,1
DA:1260,3
DA:1272,0
DA:1273,0
DA:1276,0
DA:1278,0
DA:1280,0
DA:1281,0
DA:1282,0
DA:1283,0
DA:1284,0
DA:1287,0
DA:1292,0
DA:1295,0
DA:1296,0
DA:1297,0
DA:1303,0
DA:1306,0
DA:1310,5
DA:1311,10
DA:1312,10
DA:1319,5
DA:1320,10
DA:1323,5
DA:1324,5
DA:1325,5
DA:1326,15
DA:1327,15
DA:1328,10
DA:1330,10
DA:1331,5
DA:1332,10
DA:1333,10
DA:1334,8
DA:1335,5
DA:1336,10
DA:1339,10
LF:595
LH:365
end_of_record
SF:lib\src\core\better_player_controller_provider.dart
DA:6,4
DA:14,0
DA:16,0
LF:3
LH:1
end_of_record
SF:lib\src\list\better_player_list_video_player.dart
DA:27,1
DA:36,3
DA:40,1
DA:42,1
DA:51,1
DA:53,1
DA:54,2
DA:55,3
DA:56,1
DA:58,2
DA:63,2
DA:64,2
DA:65,2
DA:69,1
DA:71,2
DA:72,1
DA:73,1
DA:76,1
DA:78,1
DA:79,1
DA:80,2
DA:81,1
DA:82,1
DA:83,3
DA:84,1
DA:89,1
DA:90,2
DA:91,2
DA:92,3
DA:93,2
DA:94,0
DA:97,0
DA:98,0
DA:103,5
DA:105,1
LF:35
LH:32
end_of_record
SF:lib\src\list\better_player_list_video_player_controller.dart
DA:7,1
DA:8,2
DA:11,1
DA:12,2
DA:15,1
DA:16,2
DA:19,1
DA:20,2
DA:24,1
DA:27,1
DA:30,1
DA:31,2
LF:12
LH:12
end_of_record
SF:lib\src\playlist\better_player_playlist.dart
DA:13,1
DA:20,1
DA:21,1
DA:28,1
DA:29,2
DA:32,0
DA:33,0
DA:35,1
DA:37,2
DA:38,2
DA:39,2
DA:41,2
DA:43,1
DA:46,1
DA:48,1
DA:49,2
DA:50,1
DA:51,1
DA:52,1
DA:57,1
DA:59,2
DA:60,1
LF:22
LH:20
end_of_record
SF:lib\src\playlist\better_player_playlist_configuration.dart
DA:13,3
LF:1
LH:1
end_of_record
SF:lib\src\playlist\better_player_playlist_controller.dart
DA:27,1
DA:33,2
DA:36,1
DA:40,1
DA:41,2
DA:42,1
DA:43,1
DA:46,2
DA:47,3
DA:51,1
DA:52,2
DA:53,3
DA:54,1
DA:55,4
DA:56,1
DA:57,1
DA:64,0
DA:65,0
DA:66,0
DA:67,0
DA:68,0
DA:73,1
DA:74,1
DA:77,1
DA:78,2
DA:81,2
DA:82,0
DA:84,1
DA:85,1
DA:87,1
DA:92,1
DA:93,2
DA:95,3
DA:96,2
DA:103,1
DA:105,5
DA:108,2
DA:109,1
DA:110,1
DA:111,3
DA:120,1
DA:121,1
DA:122,3
DA:123,1
DA:125,2
DA:128,0
DA:134,2
DA:137,3
DA:140,2
DA:143,1
DA:144,2
LF:51
LH:44
end_of_record
SF:lib\src\subtitles\better_player_subtitles_configuration.dart
DA:40,3
LF:1
LH:1
end_of_record
SF:lib\src\subtitles\better_player_subtitles_source.dart
DA:39,7
DA:52,1
DA:60,1
DA:61,1
DA:64,1
LF:5
LH:5
end_of_record
SF:lib\src\video_player\video_player.dart
DA:16,15
DA:19,5
DA:26,7
DA:42,6
DA:46,0
DA:47,0
DA:94,12
DA:98,12
DA:102,1
DA:103,1
DA:106,0
DA:107,0
DA:115,7
DA:129,7
DA:130,7
DA:131,7
DA:132,6
DA:133,7
DA:134,7
DA:135,5
DA:136,7
DA:137,7
DA:138,6
DA:139,7
DA:140,7
DA:141,7
DA:145,0
DA:148,0
DA:149,0
DA:150,0
DA:151,0
DA:152,0
DA:153,0
DA:154,0
DA:155,0
DA:156,0
DA:157,0
DA:158,0
DA:176,6
DA:179,12
DA:181,4
DA:195,12
DA:200,3
DA:201,3
DA:204,4
DA:205,11
DA:206,4
DA:208,6
DA:210,6
DA:211,6
DA:213,3
DA:214,3
DA:217,6
DA:218,3
DA:219,3
DA:220,9
DA:221,3
DA:222,3
DA:224,6
DA:225,3
DA:226,0
DA:227,0
DA:228,0
DA:229,0
DA:230,0
DA:231,0
DA:232,0
DA:233,0
DA:234,0
DA:235,0
DA:238,0
DA:239,0
DA:240,0
DA:241,0
DA:242,0
DA:243,0
DA:244,0
DA:245,0
DA:246,0
DA:247,0
DA:248,0
DA:253,0
DA:254,0
DA:256,0
DA:258,0
DA:260,0
DA:261,0
DA:262,0
DA:266,6
DA:267,6
DA:268,3
DA:276,0
DA:287,0
DA:288,0
DA:311,4
DA:332,4
DA:333,4
DA:362,1
DA:373,1
DA:374,1
DA:376,2
DA:389,4
DA:390,4
DA:394,8
DA:396,8
DA:397,8
DA:400,16
DA:402,6
DA:404,3
DA:405,6
DA:406,6
DA:409,5
DA:411,10
DA:412,2
DA:413,2
DA:414,4
DA:415,3
DA:416,4
DA:417,6
DA:418,0
DA:420,0
DA:421,0
DA:429,1
DA:430,3
DA:431,1
DA:436,3
DA:437,9
DA:438,3
DA:442,3
DA:443,9
DA:444,3
DA:447,3
DA:448,6
DA:451,15
DA:454,4
DA:455,7
DA:458,4
DA:459,6
DA:460,3
DA:461,2
DA:463,0
DA:464,0
DA:467,0
DA:468,0
DA:470,0
DA:473,0
DA:474,0
DA:476,0
DA:477,0
DA:478,0
DA:484,9
DA:488,3
DA:489,6
DA:492,15
DA:495,0
DA:496,0
DA:499,0
DA:503,0
DA:504,0
DA:507,0
DA:512,0
DA:513,0
DA:516,0
DA:524,1
DA:525,1
DA:526,2
DA:527,3
DA:528,3
DA:530,1
DA:533,1
DA:538,3
DA:539,2
DA:540,0
DA:543,1
DA:545,3
DA:546,1
DA:549,0
DA:551,1
DA:559,1
DA:560,4
DA:561,1
DA:567,0
DA:568,0
DA:570,0
DA:571,0
DA:573,0
DA:583,4
DA:584,8
DA:585,4
DA:592,0
DA:598,0
DA:599,0
DA:607,0
DA:608,0
DA:611,1
DA:612,4
DA:613,1
DA:614,0
DA:618,4
DA:619,4
DA:622,6
DA:625,0
DA:626,0
DA:629,1
DA:630,3
DA:633,2
DA:634,6
DA:637,0
DA:638,0
DA:641,0
DA:642,0
DA:645,0
DA:646,0
DA:653,3
DA:659,3
DA:660,3
DA:664,3
DA:665,4
DA:666,3
DA:667,2
DA:668,0
DA:669,0
DA:678,3
DA:680,3
DA:681,12
DA:684,12
DA:687,0
DA:689,0
DA:690,0
DA:691,0
DA:692,0
DA:695,3
DA:697,3
DA:698,12
DA:701,3
DA:703,3
DA:704,1
DA:705,6
DA:727,0
DA:750,0
DA:758,0
DA:759,0
DA:765,0
DA:767,0
DA:769,0
DA:770,0
DA:773,0
DA:774,0
DA:775,0
DA:776,0
DA:780,0
DA:782,0
DA:783,0
DA:786,0
DA:787,0
DA:788,0
DA:791,0
DA:792,0
DA:795,0
DA:797,0
DA:798,0
DA:799,0
DA:802,0
DA:803,0
DA:806,0
DA:808,0
DA:827,0
DA:833,0
DA:856,0
DA:857,0
DA:861,0
DA:862,0
DA:863,0
DA:866,0
DA:872,0
DA:874,0
DA:876,0
DA:878,0
DA:879,0
DA:882,0
DA:884,0
DA:885,0
DA:888,0
DA:891,0
DA:892,0
DA:893,0
DA:896,0
DA:897,0
DA:898,0
DA:903,0
DA:905,0
DA:906,0
DA:907,0
DA:908,0
DA:909,0
DA:911,0
DA:912,0
DA:913,0
DA:919,0
DA:920,0
DA:921,0
DA:924,0
DA:925,0
DA:928,0
DA:929,0
DA:930,0
DA:962,0
DA:974,0
DA:976,0
DA:977,0
DA:982,0
DA:986,0
DA:988,0
DA:990,0
DA:991,0
DA:993,0
DA:995,0
DA:997,0
LF:318
LH:141
end_of_record
SF:lib\src\core\better_player_utils.dart
DA:6,1
DA:7,1
DA:8,1
DA:10,1
DA:11,2
DA:12,1
DA:14,2
DA:15,1
DA:18,5
DA:19,5
DA:21,5
DA:22,5
DA:23,5
DA:24,5
DA:25,5
DA:27,5
DA:29,5
DA:31,1
DA:33,5
DA:35,5
DA:37,2
DA:39,5
DA:41,7
DA:43,1
DA:46,11
DA:51,3
DA:52,6
DA:53,3
DA:54,3
DA:56,6
DA:59,2
DA:62,2
LF:32
LH:32
end_of_record
SF:lib\src\dash\better_player_dash_utils.dart
DA:11,1
DA:15,1
DA:16,1
DA:17,1
DA:20,1
DA:21,1
DA:22,2
DA:23,1
DA:26,1
DA:27,2
DA:28,1
DA:29,2
DA:30,1
DA:31,0
DA:32,0
DA:37,0
DA:39,1
DA:46,1
DA:47,1
DA:49,1
DA:51,2
DA:52,1
DA:53,2
DA:54,2
DA:56,2
DA:58,2
DA:59,1
DA:60,1
DA:61,1
DA:62,1
DA:77,1
DA:78,1
DA:79,1
DA:80,1
DA:81,1
DA:85,1
DA:87,2
DA:94,0
DA:98,0
DA:99,0
DA:100,0
DA:101,0
DA:102,0
DA:103,0
DA:104,0
DA:105,0
DA:106,0
DA:107,0
DA:108,0
DA:109,0
DA:110,0
DA:112,0
DA:115,0
DA:116,0
DA:121,0
DA:125,0
DA:127,0
LF:57
LH:34
end_of_record
SF:lib\src\hls\better_player_hls_utils.dart
DA:16,0
DA:20,0
DA:21,0
DA:22,0
DA:24,0
DA:25,0
DA:26,0
DA:27,0
DA:29,0
DA:30,0
DA:31,0
DA:33,0
DA:35,0
DA:42,1
DA:46,1
DA:48,1
DA:49,2
DA:50,1
DA:51,2
DA:52,1
DA:53,1
DA:54,1
DA:56,2
DA:57,2
DA:58,2
DA:68,1
DA:69,2
DA:72,0
DA:78,0
DA:82,0
DA:84,0
DA:85,0
DA:87,0
DA:88,0
DA:89,0
DA:91,0
DA:96,0
DA:108,0
DA:112,0
DA:114,0
DA:120,0
DA:122,0
DA:124,0
DA:125,0
DA:127,0
DA:128,0
DA:130,0
DA:132,0
DA:134,0
DA:135,0
DA:137,0
DA:139,0
DA:143,0
DA:145,0
DA:146,0
DA:147,0
DA:148,0
DA:156,0
DA:157,0
DA:162,0
DA:164,0
DA:167,0
DA:168,0
DA:169,0
DA:170,0
DA:178,0
DA:183,1
DA:187,1
DA:188,1
DA:189,2
DA:190,1
DA:191,4
DA:192,2
DA:193,1
DA:194,1
DA:196,1
DA:197,2
DA:198,2
LF:78
LH:26
end_of_record
SF:lib\src\controls\better_player_clickable_widget.dart
DA:8,1
DA:14,1
DA:16,1
DA:17,1
DA:18,1
DA:22,1
DA:23,1
DA:24,1
LF:8
LH:8
end_of_record
SF:lib\src\controls\better_player_cupertino_controls.dart
DA:20,3
DA:26,3
DA:28,3
DA:46,3
DA:47,6
DA:49,0
DA:50,0
DA:52,3
DA:53,3
DA:55,0
DA:57,0
DA:59,3
DA:61,6
DA:65,3
DA:66,9
DA:68,9
DA:69,0
DA:71,0
DA:75,9
DA:76,9
DA:77,6
DA:78,6
DA:79,9
DA:80,3
DA:81,0
DA:82,9
DA:84,9
DA:86,9
DA:87,3
DA:88,3
DA:89,3
DA:95,3
DA:96,9
DA:98,2
DA:99,3
DA:100,3
DA:107,3
DA:108,0
DA:109,0
DA:110,0
DA:112,0
DA:113,0
DA:114,0
DA:116,0
DA:117,0
DA:118,0
DA:120,0
DA:121,0
DA:123,0
DA:124,0
DA:125,0
DA:128,3
DA:129,3
DA:130,0
DA:135,3
DA:137,3
DA:138,3
DA:141,3
DA:142,9
DA:143,3
DA:144,3
DA:145,6
DA:146,6
DA:149,3
DA:151,3
DA:152,9
DA:153,9
DA:155,6
DA:156,3
DA:157,3
DA:160,3
DA:163,3
DA:168,6
DA:171,3
DA:172,3
DA:173,6
DA:174,3
DA:175,3
DA:177,6
DA:178,3
DA:179,3
DA:180,3
DA:182,3
DA:185,6
DA:186,0
DA:188,0
DA:190,0
DA:191,0
DA:193,0
DA:194,0
DA:195,0
DA:198,3
DA:199,3
DA:200,6
DA:201,3
DA:203,0
DA:204,6
DA:205,6
DA:207,0
DA:208,6
DA:209,3
DA:211,0
DA:212,6
DA:213,3
DA:215,0
DA:216,6
DA:217,3
DA:219,0
DA:220,6
DA:221,3
DA:223,0
DA:232,0
DA:233,0
DA:234,0
DA:235,0
DA:236,0
DA:237,0
DA:244,3
DA:251,3
DA:252,3
DA:253,3
DA:254,3
DA:255,6
DA:256,3
DA:257,3
DA:258,3
DA:260,3
DA:263,3
DA:264,3
DA:265,3
DA:266,6
DA:267,0
DA:268,6
DA:279,2
DA:280,2
DA:281,2
DA:282,6
DA:283,0
DA:284,0
DA:285,0
DA:287,0
DA:288,0
DA:291,0
DA:292,0
DA:293,0
DA:295,2
DA:302,3
DA:310,3
DA:311,3
DA:312,3
DA:313,3
DA:314,6
DA:315,3
DA:316,3
DA:317,3
DA:318,3
DA:321,3
DA:323,3
DA:326,3
DA:327,6
DA:338,3
DA:346,3
DA:347,0
DA:348,0
DA:350,0
DA:351,0
DA:353,0
DA:354,0
DA:357,3
DA:358,3
DA:359,6
DA:360,3
DA:361,3
DA:362,3
DA:363,3
DA:366,3
DA:368,3
DA:371,3
DA:372,12
DA:373,6
DA:374,0
DA:385,3
DA:390,3
DA:391,3
DA:392,3
DA:396,3
DA:397,6
DA:398,0
DA:399,6
DA:401,3
DA:407,3
DA:409,9
DA:411,3
DA:413,3
DA:414,3
DA:415,3
DA:416,6
DA:423,3
DA:424,9
DA:425,10
DA:428,3
DA:430,3
DA:431,6
DA:432,9
DA:437,3
DA:438,3
DA:439,3
DA:440,3
DA:447,3
DA:448,6
DA:450,3
DA:456,3
DA:457,3
DA:458,3
DA:459,3
DA:464,3
DA:465,6
DA:467,3
DA:473,3
DA:479,6
DA:482,3
DA:483,3
DA:484,3
DA:486,3
DA:487,3
DA:488,3
DA:489,3
DA:491,3
DA:492,3
DA:493,6
DA:494,3
DA:502,0
DA:503,3
DA:506,6
DA:507,3
DA:515,0
DA:516,3
DA:517,6
DA:518,3
DA:519,3
DA:527,0
DA:528,3
DA:531,6
DA:532,3
DA:533,3
DA:541,0
DA:547,3
DA:548,3
DA:549,6
DA:550,3
DA:551,3
DA:552,0
DA:553,0
DA:554,0
DA:555,0
DA:557,0
DA:559,0
DA:561,0
DA:562,0
DA:563,0
DA:565,0
DA:567,0
DA:568,0
DA:582,0
DA:584,0
DA:585,0
DA:586,0
DA:589,3
DA:590,9
DA:592,3
DA:594,9
DA:595,9
DA:596,0
DA:599,6
DA:600,8
DA:601,2
DA:604,3
DA:605,9
DA:606,0
DA:608,0
DA:609,0
DA:614,0
DA:615,0
DA:616,0
DA:617,0
DA:618,0
DA:622,3
DA:623,3
DA:624,3
DA:626,3
DA:627,3
DA:628,3
DA:629,0
DA:630,0
DA:632,0
DA:633,0
DA:635,0
DA:636,0
DA:638,3
DA:639,6
DA:640,6
DA:641,6
DA:642,6
DA:649,0
DA:652,0
DA:653,0
DA:656,0
DA:657,0
DA:658,0
DA:659,0
DA:661,0
DA:663,0
DA:664,0
DA:666,0
DA:667,0
DA:671,0
DA:673,0
DA:674,0
DA:679,0
DA:680,0
DA:683,0
DA:684,0
DA:688,3
DA:689,3
DA:690,3
DA:691,9
DA:692,3
DA:693,9
DA:694,6
DA:695,9
DA:696,6
DA:697,1
DA:704,2
DA:705,6
DA:706,8
DA:709,0
DA:711,0
DA:713,0
DA:714,0
DA:715,0
DA:718,0
DA:719,0
DA:720,0
DA:722,0
DA:723,0
DA:725,0
DA:728,0
DA:729,0
DA:732,0
DA:733,0
DA:734,0
DA:735,0
DA:737,0
DA:738,0
DA:739,0
DA:748,3
DA:749,6
DA:750,0
DA:753,3
DA:755,9
DA:759,3
DA:766,3
DA:767,6
DA:768,3
DA:769,3
DA:771,0
DA:772,0
DA:773,0
DA:774,0
DA:775,0
DA:778,0
DA:779,0
DA:780,0
DA:781,0
DA:782,0
DA:783,0
DA:785,0
DA:789,0
DA:790,0
DA:792,0
DA:793,0
DA:794,0
LF:382
LH:232
end_of_record
SF:lib\src\controls\better_player_cupertino_progress_bar.dart
DA:8,3
DA:17,0
DA:27,3
DA:29,3
DA:35,3
DA:36,5
DA:37,6
DA:44,9
DA:46,3
DA:47,6
DA:53,3
DA:55,3
DA:56,9
DA:59,3
DA:61,9
DA:62,3
DA:63,3
DA:66,3
DA:68,3
DA:69,6
DA:70,3
DA:71,0
DA:72,0
DA:75,0
DA:76,0
DA:77,0
DA:80,0
DA:81,0
DA:84,0
DA:85,0
DA:88,0
DA:90,0
DA:91,0
DA:94,0
DA:98,0
DA:99,0
DA:100,0
DA:102,0
DA:104,0
DA:105,0
DA:108,0
DA:109,0
DA:113,0
DA:114,0
DA:115,0
DA:116,0
DA:119,3
DA:120,3
DA:121,9
DA:122,9
DA:124,3
DA:125,3
DA:126,3
DA:127,6
DA:135,0
DA:136,0
DA:137,0
DA:138,0
DA:142,3
DA:143,3
DA:144,3
DA:147,3
DA:148,3
DA:149,0
DA:151,6
DA:155,0
DA:156,0
DA:159,0
DA:160,0
DA:161,0
DA:162,0
DA:163,0
DA:164,0
DA:165,0
DA:166,0
DA:167,0
DA:168,0
DA:169,0
DA:175,0
DA:176,0
DA:177,0
DA:178,0
DA:184,3
DA:189,2
DA:194,2
DA:198,8
DA:200,2
DA:201,2
DA:202,2
DA:203,2
DA:204,6
DA:208,4
DA:210,4
DA:214,14
DA:216,6
DA:217,4
DA:218,0
DA:219,0
DA:220,0
DA:221,0
DA:222,0
DA:223,0
DA:224,0
DA:228,0
DA:231,2
DA:232,2
DA:233,2
DA:234,2
DA:235,4
DA:239,4
DA:242,2
DA:243,2
DA:244,2
DA:245,6
DA:250,2
DA:251,2
DA:252,6
DA:254,4
LF:118
LH:62
end_of_record
SF:lib\src\controls\better_player_material_controls.dart
DA:22,1
DA:28,1
DA:30,1
DA:47,1
DA:48,2
DA:50,0
DA:51,0
DA:53,1
DA:54,1
DA:56,0
DA:58,0
DA:60,1
DA:62,2
DA:66,1
DA:67,3
DA:68,3
DA:69,0
DA:71,0
DA:74,1
DA:75,0
DA:76,0
DA:77,0
DA:79,0
DA:80,0
DA:81,0
DA:83,0
DA:84,0
DA:85,0
DA:87,0
DA:89,0
DA:90,0
DA:91,0
DA:94,1
DA:95,1
DA:96,1
DA:98,1
DA:99,1
DA:100,0
DA:102,1
DA:103,1
DA:107,1
DA:109,2
DA:110,1
DA:117,1
DA:119,1
DA:120,1
DA:123,1
DA:124,3
DA:125,1
DA:126,2
DA:127,1
DA:128,2
DA:131,1
DA:133,1
DA:134,3
DA:135,3
DA:136,3
DA:138,2
DA:139,1
DA:140,1
DA:143,1
DA:146,0
DA:148,0
DA:150,0
DA:151,0
DA:152,0
DA:155,0
DA:156,0
DA:157,0
DA:159,0
DA:160,0
DA:162,0
DA:165,0
DA:166,0
DA:169,0
DA:170,0
DA:171,0
DA:172,0
DA:174,0
DA:175,0
DA:176,0
DA:185,1
DA:186,2
DA:190,1
DA:191,2
DA:192,1
DA:193,1
DA:194,2
DA:195,1
DA:196,1
DA:197,2
DA:199,1
DA:201,1
DA:202,2
DA:203,1
DA:204,1
DA:205,1
DA:208,0
DA:209,1
DA:218,0
DA:219,0
DA:220,0
DA:221,0
DA:222,0
DA:225,0
DA:227,0
DA:228,0
DA:229,0
DA:235,1
DA:239,1
DA:240,2
DA:241,1
DA:242,1
DA:244,0
DA:245,0
DA:247,0
DA:249,0
DA:250,0
DA:251,0
DA:253,0
DA:254,0
DA:266,1
DA:267,1
DA:268,1
DA:269,1
DA:271,1
DA:272,2
DA:273,2
DA:279,1
DA:280,2
DA:283,1
DA:284,1
DA:285,2
DA:286,1
DA:287,1
DA:288,3
DA:289,1
DA:291,1
DA:292,1
DA:294,1
DA:295,1
DA:296,2
DA:297,2
DA:299,0
DA:300,2
DA:301,0
DA:303,2
DA:304,3
DA:306,1
DA:307,2
DA:308,2
DA:310,0
DA:311,2
DA:312,1
DA:314,0
DA:318,2
DA:319,0
DA:321,2
DA:322,2
DA:330,0
DA:331,0
DA:332,0
DA:333,0
DA:334,0
DA:340,1
DA:341,1
DA:343,1
DA:344,1
DA:345,1
DA:346,1
DA:347,2
DA:348,1
DA:349,2
DA:351,1
DA:352,1
DA:353,2
DA:354,0
DA:355,2
DA:356,2
DA:365,1
DA:366,2
DA:369,1
DA:370,1
DA:371,1
DA:372,1
DA:373,2
DA:374,1
DA:380,1
DA:381,1
DA:382,2
DA:385,3
DA:387,1
DA:389,1
DA:390,2
DA:391,2
DA:393,0
DA:394,3
DA:395,2
DA:396,2
DA:398,0
DA:404,1
DA:408,1
DA:410,1
DA:412,1
DA:413,1
DA:414,1
DA:416,1
DA:418,1
DA:420,1
DA:421,1
DA:430,1
DA:431,1
DA:432,1
DA:433,2
DA:435,2
DA:437,1
DA:441,1
DA:442,1
DA:443,1
DA:444,2
DA:446,2
DA:448,1
DA:452,1
DA:453,2
DA:454,1
DA:456,0
DA:459,0
DA:461,1
DA:462,2
DA:463,0
DA:464,2
DA:466,2
DA:468,0
DA:470,0
DA:471,0
DA:472,0
DA:474,0
DA:477,0
DA:478,0
DA:481,0
DA:487,1
DA:488,1
DA:489,2
DA:490,1
DA:491,1
DA:492,0
DA:493,0
DA:494,0
DA:495,0
DA:497,0
DA:499,0
DA:500,0
DA:501,0
DA:504,0
DA:505,0
DA:506,0
DA:508,0
DA:510,0
DA:511,0
DA:525,1
DA:528,1
DA:529,0
DA:530,0
DA:531,0
DA:532,0
DA:534,0
DA:535,0
DA:538,1
DA:539,1
DA:540,2
DA:541,1
DA:542,1
DA:543,2
DA:545,1
DA:546,4
DA:547,2
DA:548,0
DA:549,2
DA:557,1
DA:558,1
DA:560,1
DA:561,1
DA:565,1
DA:566,2
DA:567,0
DA:568,2
DA:569,2
DA:575,1
DA:577,3
DA:578,3
DA:579,2
DA:582,1
DA:583,2
DA:586,1
DA:587,1
DA:588,1
DA:589,1
DA:591,2
DA:594,1
DA:595,1
DA:596,2
DA:597,1
DA:599,2
DA:609,1
DA:611,1
DA:612,1
DA:614,1
DA:615,1
DA:618,1
DA:619,3
DA:621,1
DA:623,3
DA:624,3
DA:625,0
DA:628,2
DA:629,3
DA:630,1
DA:634,1
DA:635,4
DA:636,1
DA:637,1
DA:638,1
DA:643,0
DA:644,0
DA:645,0
DA:646,0
DA:647,0
DA:648,0
DA:652,0
DA:655,0
DA:656,0
DA:659,0
DA:660,0
DA:661,0
DA:662,0
DA:664,0
DA:666,0
DA:669,0
DA:671,0
DA:672,0
DA:677,1
DA:678,2
DA:681,0
DA:682,0
DA:686,1
DA:687,1
DA:688,1
DA:689,3
DA:690,1
DA:691,3
DA:692,0
DA:693,0
DA:694,0
DA:695,0
DA:696,0
DA:703,1
DA:704,1
DA:706,1
DA:709,1
DA:710,1
DA:711,1
DA:712,0
DA:713,0
DA:715,0
DA:716,0
DA:718,0
DA:719,0
DA:721,1
DA:722,2
DA:723,2
DA:724,2
DA:725,2
DA:732,1
DA:733,3
DA:734,4
DA:737,0
DA:738,0
DA:739,0
DA:740,0
DA:741,0
DA:745,0
DA:747,0
LF:382
LH:239
end_of_record
SF:lib\src\controls\better_player_material_progress_bar.dart
DA:7,1
DA:16,0
DA:26,1
DA:28,1
DA:34,1
DA:35,1
DA:36,0
DA:43,3
DA:45,1
DA:46,2
DA:52,1
DA:54,1
DA:55,3
DA:58,1
DA:60,3
DA:61,1
DA:62,1
DA:65,1
DA:67,1
DA:68,3
DA:70,1
DA:71,0
DA:72,0
DA:76,0
DA:77,0
DA:78,0
DA:81,0
DA:82,0
DA:85,0
DA:86,0
DA:90,0
DA:92,0
DA:93,0
DA:96,0
DA:101,0
DA:102,0
DA:103,0
DA:105,0
DA:107,0
DA:108,0
DA:111,0
DA:112,0
DA:115,0
DA:116,0
DA:117,0
DA:118,0
DA:121,1
DA:122,1
DA:123,4
DA:124,3
DA:126,1
DA:127,1
DA:128,1
DA:129,2
DA:137,0
DA:138,0
DA:139,0
DA:140,0
DA:144,1
DA:145,1
DA:146,1
DA:149,1
DA:150,1
DA:151,0
DA:153,2
DA:157,0
DA:158,0
DA:161,0
DA:162,0
DA:163,0
DA:164,0
DA:165,0
DA:166,0
DA:167,0
DA:168,0
DA:169,0
DA:170,0
DA:171,0
DA:177,0
DA:178,0
DA:179,0
DA:180,0
DA:186,1
DA:191,1
DA:196,1
DA:200,1
DA:201,1
DA:202,1
DA:203,3
DA:204,5
DA:208,2
DA:210,2
DA:214,7
DA:215,1
DA:219,3
DA:220,2
DA:221,0
DA:222,0
DA:225,0
DA:226,0
DA:229,0
DA:230,0
DA:231,0
DA:232,0
DA:233,0
DA:237,0
DA:240,1
DA:241,1
DA:242,1
DA:243,3
DA:244,4
DA:248,2
DA:250,1
DA:251,5
DA:252,1
DA:253,2
LF:116
LH:57
end_of_record
SF:lib\src\core\better_player_with_controls.dart
DA:16,4
DA:18,4
DA:20,4
DA:24,4
DA:25,16
DA:27,4
DA:28,12
DA:37,4
DA:39,8
DA:40,4
DA:41,20
DA:42,4
DA:45,0
DA:47,0
DA:48,0
DA:49,0
DA:50,0
DA:52,0
DA:55,4
DA:57,8
DA:58,8
DA:59,4
DA:62,1
DA:63,2
DA:64,1
DA:65,0
DA:70,4
DA:72,4
DA:75,4
DA:76,0
DA:77,0
DA:79,0
DA:81,0
DA:85,0
DA:86,0
DA:89,4
DA:92,4
DA:93,4
DA:96,12
DA:97,4
DA:99,4
DA:103,8
DA:104,4
DA:110,4
DA:114,4
DA:115,4
DA:117,12
DA:118,0
DA:121,4
DA:122,2
DA:124,4
DA:127,8
DA:129,4
DA:130,4
DA:132,4
DA:133,4
DA:134,4
DA:135,8
DA:136,4
DA:138,4
DA:141,12
DA:142,4
DA:143,4
DA:145,4
DA:146,4
DA:147,8
DA:149,0
DA:150,4
DA:156,4
DA:157,8
DA:158,8
DA:159,4
DA:162,4
DA:166,8
DA:167,8
DA:169,3
DA:176,8
DA:177,0
DA:178,0
DA:180,0
DA:182,4
DA:183,1
DA:184,3
DA:185,3
DA:192,1
DA:193,1
DA:194,1
DA:195,1
DA:199,3
DA:200,3
DA:201,3
DA:202,3
DA:206,3
DA:207,6
DA:213,4
DA:221,4
DA:223,4
DA:228,4
DA:229,12
DA:239,4
DA:241,4
DA:242,12
DA:243,4
DA:244,4
DA:246,0
DA:249,4
DA:252,0
DA:254,0
DA:255,0
DA:256,0
DA:257,0
DA:258,0
DA:260,0
DA:261,0
DA:265,4
DA:266,16
DA:267,5
DA:268,2
DA:272,10
DA:273,8
DA:274,4
DA:277,9
DA:279,1
DA:282,4
DA:283,17
DA:284,1
DA:285,1
DA:286,0
DA:287,0
DA:288,0
DA:292,1
DA:293,0
DA:294,0
DA:300,4
DA:302,7
DA:303,3
DA:304,3
DA:305,3
DA:308,3
DA:309,6
DA:310,3
DA:311,11
DA:312,11
DA:313,6
DA:324,4
DA:326,4
DA:327,9
DA:328,6
DA:330,8
DA:331,4
LF:150
LH:118
end_of_record
SF:lib\src\subtitles\better_player_subtitle.dart
DA:10,2
DA:17,2
DA:19,2
DA:20,4
DA:21,2
DA:23,2
DA:24,1
DA:26,1
DA:28,0
DA:29,0
DA:33,2
DA:35,4
DA:36,4
DA:37,4
DA:38,4
DA:40,2
DA:41,2
DA:47,0
DA:48,0
DA:52,1
DA:57,1
DA:58,1
DA:60,2
DA:61,2
DA:64,2
DA:65,2
DA:69,2
DA:70,2
DA:71,2
DA:72,1
DA:79,0
DA:80,0
DA:84,2
DA:86,2
DA:89,4
DA:90,0
DA:95,2
DA:97,4
DA:98,0
DA:99,4
DA:103,4
DA:104,4
DA:105,4
DA:109,2
DA:110,4
DA:111,4
DA:112,4
DA:113,4
DA:117,0
DA:122,0
DA:124,0
LF:51
LH:40
end_of_record
SF:lib\src\subtitles\better_player_subtitles_factory.dart
DA:8,1
DA:11,1
DA:12,1
DA:13,0
DA:14,1
DA:15,0
DA:16,1
DA:17,1
DA:19,0
DA:23,0
DA:27,0
DA:28,0
DA:29,0
DA:30,0
DA:31,0
DA:32,0
DA:33,0
DA:35,0
DA:40,0
DA:42,0
DA:45,0
DA:49,0
DA:50,0
DA:51,0
DA:52,0
DA:53,0
DA:54,0
DA:56,0
DA:59,0
DA:60,0
DA:61,0
DA:62,0
DA:64,0
DA:66,0
DA:69,0
DA:70,0
DA:73,0
DA:76,1
DA:80,2
DA:82,0
DA:84,0
DA:87,1
DA:88,1
DA:89,2
DA:90,1
DA:94,2
DA:95,1
DA:98,1
DA:100,1
DA:101,2
DA:102,1
DA:105,1
DA:106,1
DA:107,1
DA:108,1
DA:109,1
LF:56
LH:23
end_of_record
SF:lib\src\video_player\video_player_platform_interface.dart
DA:29,0
DA:32,15
DA:41,10
DA:45,0
DA:46,0
DA:48,0
DA:50,0
DA:62,0
DA:63,0
DA:67,0
DA:68,0
DA:72,0
DA:75,0
DA:79,0
DA:80,0
DA:84,0
DA:85,0
DA:89,0
DA:90,0
DA:94,0
DA:95,0
DA:99,0
DA:100,0
DA:104,0
DA:105,0
DA:109,0
DA:110,0
DA:114,0
DA:115,0
DA:119,0
DA:120,0
DA:124,0
DA:130,0
DA:134,0
DA:135,0
DA:139,0
DA:140,0
DA:144,0
DA:145,0
DA:149,0
DA:156,0
DA:162,0
DA:163,0
DA:168,0
DA:169,0
DA:174,0
DA:175,0
DA:178,0
DA:179,0
DA:182,0
DA:183,0
DA:187,0
DA:188,0
DA:197,0
DA:223,4
DA:246,4
DA:268,3
DA:269,3
DA:270,3
DA:272,3
DA:274,3
DA:276,3
DA:325,3
DA:328,9
DA:329,3
DA:330,0
DA:331,0
DA:333,0
DA:336,3
DA:337,0
DA:343,0
DA:345,0
DA:346,0
DA:347,0
DA:348,0
DA:349,0
DA:391,3
DA:426,0
DA:429,0
DA:430,0
DA:431,0
DA:432,0
DA:433,0
DA:434,0
DA:435,0
DA:438,0
DA:440,0
DA:441,0
DA:442,0
DA:443,0
DA:490,0
DA:514,0
DA:515,0
DA:525,0
DA:526,0
DA:529,0
DA:531,0
DA:533,0
DA:536,0
DA:537,0
DA:538,0
DA:539,0
DA:541,0
DA:542,0
LF:104
LH:15
end_of_record
SF:lib\src\subtitles\better_player_subtitles_drawer.dart
DA:13,5
DA:21,5
DA:23,5
DA:41,5
DA:43,5
DA:44,20
DA:45,10
DA:46,5
DA:50,10
DA:51,15
DA:53,2
DA:56,15
DA:57,10
DA:59,10
DA:60,10
DA:61,10
DA:62,5
DA:63,5
DA:64,15
DA:65,15
DA:68,10
DA:69,10
DA:70,10
DA:71,10
DA:74,5
DA:77,5
DA:79,15
DA:80,10
DA:81,10
DA:82,5
DA:86,3
DA:87,3
DA:88,6
DA:89,3
DA:90,12
DA:95,5
DA:97,5
DA:98,15
DA:99,6
DA:100,15
DA:102,5
DA:105,5
DA:106,5
DA:107,5
DA:108,9
DA:109,10
DA:110,10
DA:111,10
DA:113,5
DA:121,5
DA:122,5
DA:126,6
DA:127,10
DA:128,4
DA:135,1
DA:136,1
DA:137,1
DA:138,1
DA:139,1
DA:140,2
DA:141,1
DA:148,1
DA:149,1
DA:150,2
DA:151,1
DA:152,1
DA:153,2
DA:154,2
DA:156,1
DA:157,2
DA:163,1
DA:164,1
DA:170,1
LF:73
LH:73
end_of_record
SF:lib\src\hls\hls_parser\mime_types.dart
DA:77,3
DA:79,1
DA:81,1
DA:83,1
DA:85,1
DA:87,1
DA:88,1
DA:89,1
DA:90,1
DA:91,1
DA:92,1
DA:94,1
DA:96,1
DA:97,1
DA:99,1
DA:101,1
DA:103,1
DA:104,0
DA:105,0
DA:106,0
DA:108,0
DA:110,0
DA:112,0
DA:113,0
DA:115,0
DA:116,0
DA:118,0
DA:120,0
DA:127,2
DA:130,4
DA:131,4
DA:135,4
DA:139,2
DA:140,2
DA:141,2
DA:142,2
DA:146,2
DA:148,4
DA:151,4
DA:154,2
DA:156,1
DA:157,1
DA:158,2
DA:161,2
DA:162,1
DA:163,1
DA:164,0
DA:172,2
DA:176,2
DA:180,1
DA:182,2
DA:186,2
DA:190,2
DA:193,1
DA:194,1
DA:195,1
DA:196,1
DA:199,1
DA:200,1
DA:201,0
DA:202,0
DA:209,1
DA:210,2
DA:212,1
DA:213,1
DA:214,0
DA:215,0
DA:216,0
DA:217,0
DA:218,0
DA:219,0
DA:220,0
DA:221,0
DA:222,0
DA:223,0
DA:224,0
DA:225,0
DA:227,0
DA:228,0
DA:229,0
DA:231,0
DA:234,0
DA:238,0
DA:239,0
DA:240,0
DA:246,2
DA:248,2
DA:249,4
DA:250,2
DA:253,2
DA:254,4
DA:256,2
DA:257,4
DA:259,0
DA:260,0
DA:262,1
DA:263,2
DA:268,0
LF:98
LH:61
end_of_record
SF:lib\src\hls\hls_parser\hls_master_playlist.dart
DA:8,2
DA:21,2
DA:23,2
DA:58,2
DA:62,2
DA:63,4
DA:64,4
DA:66,4
DA:67,4
DA:68,4
LF:10
LH:10
end_of_record
SF:lib\src\hls\hls_parser\hls_media_playlist.dart
DA:6,1
DA:25,1
DA:42,1
DA:43,2
DA:46,0
DA:47,0
DA:50,1
LF:7
LH:5
end_of_record
SF:lib\src\hls\hls_parser\hls_playlist_parser.dart
DA:22,2
DA:24,2
DA:25,2
DA:26,2
DA:101,4
DA:102,2
DA:105,6
DA:108,6
DA:115,2
DA:116,2
DA:117,2
DA:120,2
DA:122,8
DA:123,2
DA:125,4
DA:126,1
DA:132,6
DA:135,4
DA:136,2
DA:139,2
DA:140,2
DA:141,2
DA:142,2
DA:143,2
DA:144,2
DA:145,2
DA:146,2
DA:155,6
DA:156,3
DA:159,2
DA:160,2
DA:162,2
DA:163,4
DA:165,4
DA:166,0
DA:170,0
DA:173,6
DA:180,2
DA:184,2
DA:185,2
DA:187,2
DA:188,2
DA:189,2
DA:190,2
DA:191,2
DA:192,2
DA:194,2
DA:201,2
DA:203,2
DA:204,2
DA:206,2
DA:207,0
DA:212,0
DA:218,0
DA:221,0
DA:223,0
DA:224,2
DA:226,2
DA:227,2
DA:228,2
DA:229,0
DA:235,0
DA:242,0
DA:247,0
DA:248,0
DA:250,0
DA:252,0
DA:254,2
DA:255,4
DA:256,2
DA:257,2
DA:260,2
DA:266,0
DA:268,2
DA:273,2
DA:281,2
DA:282,4
DA:283,4
DA:284,4
DA:292,2
DA:298,0
DA:300,2
DA:305,2
DA:310,2
DA:315,2
DA:321,2
DA:323,2
DA:324,2
DA:327,4
DA:329,2
DA:330,4
DA:340,2
DA:341,2
DA:351,2
DA:353,2
DA:354,2
DA:357,2
DA:358,2
DA:359,2
DA:370,2
DA:372,6
DA:373,2
DA:374,4
DA:375,6
DA:377,6
DA:378,4
DA:379,2
DA:380,6
DA:386,4
DA:387,2
DA:392,2
DA:397,2
DA:403,2
DA:404,2
DA:406,2
DA:411,2
DA:412,2
DA:413,2
DA:415,2
DA:418,2
DA:420,4
DA:422,2
DA:427,2
DA:430,0
DA:436,0
DA:437,0
DA:438,0
DA:441,0
DA:442,0
DA:443,0
DA:446,0
DA:448,0
DA:459,0
DA:461,0
DA:462,0
DA:471,2
DA:473,2
DA:475,2
DA:476,4
DA:481,2
DA:483,1
DA:484,2
DA:500,2
DA:501,2
DA:503,2
DA:511,1
DA:513,1
DA:521,1
DA:522,1
DA:523,1
DA:532,0
DA:534,0
DA:541,0
DA:543,0
DA:546,0
DA:548,0
DA:549,0
DA:550,0
DA:568,0
DA:571,2
DA:587,2
DA:597,6
DA:601,2
DA:602,2
DA:603,0
DA:604,0
DA:608,0
DA:613,0
DA:620,0
DA:621,0
DA:626,0
DA:627,0
DA:632,0
DA:633,0
DA:636,0
DA:638,0
DA:639,0
DA:644,0
DA:646,0
DA:652,2
DA:655,2
DA:657,2
DA:660,1
DA:662,2
DA:664,2
DA:667,0
DA:669,2
DA:671,2
DA:674,1
DA:679,2
DA:684,2
DA:685,4
DA:686,2
DA:689,5
DA:690,1
DA:694,2
DA:698,2
DA:703,2
DA:704,0
DA:706,0
DA:707,0
DA:711,0
DA:712,0
DA:716,0
DA:717,0
DA:720,0
DA:721,0
DA:727,2
DA:731,2
DA:737,0
DA:741,2
DA:745,4
DA:746,4
DA:751,0
DA:752,0
DA:756,0
DA:757,0
DA:758,0
DA:761,1
DA:771,1
DA:775,1
DA:776,1
DA:777,1
DA:783,1
DA:797,2
DA:798,1
DA:800,1
DA:803,1
DA:804,0
DA:809,0
DA:811,0
DA:814,1
DA:815,0
DA:818,0
DA:820,0
DA:821,1
DA:822,0
DA:827,0
DA:833,0
DA:834,0
DA:835,0
DA:836,0
DA:842,0
DA:847,0
DA:856,1
DA:857,1
DA:858,1
DA:862,1
DA:864,1
DA:865,1
DA:866,1
DA:869,1
DA:871,2
DA:872,1
DA:873,0
DA:879,0
DA:881,0
DA:886,0
DA:891,0
DA:896,0
DA:898,1
DA:900,1
DA:901,3
DA:902,1
DA:908,1
DA:909,0
DA:914,0
DA:922,0
DA:923,0
DA:926,0
DA:931,0
DA:932,0
DA:934,0
DA:944,0
DA:945,0
DA:952,0
DA:956,1
DA:957,0
DA:962,0
DA:963,0
DA:964,0
DA:965,0
DA:967,1
DA:970,0
DA:971,1
DA:973,0
DA:974,1
DA:977,0
DA:978,0
DA:980,1
DA:982,1
DA:984,1
DA:986,1
DA:993,0
DA:995,1
DA:999,1
DA:1000,1
DA:1001,0
DA:1002,0
DA:1008,0
DA:1009,0
DA:1016,1
DA:1020,1
DA:1021,1
DA:1039,1
DA:1045,0
DA:1053,1
LF:307
LH:193
end_of_record
SF:lib\src\hls\hls_parser\rendition.dart
DA:4,2
LF:1
LH:1
end_of_record
SF:lib\src\hls\hls_parser\util.dart
DA:5,2
DA:6,6
DA:7,6
DA:19,2
DA:20,4
DA:21,2
DA:22,2
DA:23,2
DA:24,2
DA:25,2
DA:26,2
DA:27,2
DA:28,2
DA:29,2
DA:30,2
DA:31,2
DA:32,2
DA:34,2
DA:35,12
DA:37,0
DA:38,0
DA:40,2
DA:41,2
DA:42,5
DA:43,2
DA:44,2
DA:47,0
DA:50,0
DA:51,0
DA:52,0
DA:54,0
DA:56,0
DA:59,0
DA:63,0
DA:64,0
DA:68,0
DA:69,0
DA:70,0
DA:71,0
DA:72,0
DA:73,0
DA:74,0
DA:76,0
DA:80,0
DA:81,0
DA:82,0
DA:88,0
DA:89,0
DA:127,5
DA:128,1
DA:129,3
DA:131,0
DA:132,0
LF:53
LH:27
end_of_record
SF:lib\src\hls\hls_parser\drm_init_data.dart
DA:5,0
DA:10,0
DA:12,0
DA:13,0
DA:14,0
DA:19,0
DA:20,0
LF:7
LH:0
end_of_record
SF:lib\src\hls\hls_parser\scheme_data.dart
DA:4,0
DA:27,0
DA:29,0
DA:30,0
DA:32,0
DA:35,0
DA:37,0
DA:38,0
DA:39,0
DA:41,0
DA:42,0
DA:48,0
DA:49,0
DA:51,0
DA:52,0
DA:53,0
DA:54,0
LF:17
LH:0
end_of_record
SF:lib\src\hls\hls_parser\exception.dart
DA:2,2
DA:6,0
DA:7,0
DA:11,1
LF:4
LH:2
end_of_record
SF:lib\src\hls\hls_parser\format.dart
DA:7,2
DA:27,2
DA:29,2
DA:44,2
DA:121,4
DA:122,2
DA:123,2
DA:124,2
DA:125,2
DA:126,2
DA:127,2
DA:128,2
DA:130,2
DA:131,2
DA:132,2
DA:133,2
DA:134,2
DA:135,2
DA:136,2
DA:137,2
DA:138,2
DA:139,2
LF:22
LH:22
end_of_record
SF:lib\src\hls\hls_parser\metadata.dart
DA:5,2
DA:9,0
DA:11,0
DA:13,0
DA:18,0
DA:19,0
LF:6
LH:1
end_of_record
SF:lib\src\hls\hls_parser\playlist.dart
DA:2,2
LF:1
LH:1
end_of_record
SF:lib\src\hls\hls_parser\variant.dart
DA:4,2
DA:32,4
DA:33,2
DA:35,2
DA:36,2
DA:37,2
DA:38,2
LF:7
LH:7
end_of_record
SF:lib\src\hls\hls_parser\segment.dart
DA:4,1
LF:1
LH:1
end_of_record
SF:lib\src\hls\hls_parser\hls_track_metadata_entry.dart
DA:5,2
DA:18,0
DA:20,0
DA:21,0
DA:22,0
DA:24,0
DA:29,0
DA:30,0
LF:8
LH:1
end_of_record
SF:lib\src\hls\hls_parser\variant_info.dart
DA:2,2
DA:29,0
DA:31,0
DA:32,0
DA:33,0
DA:34,0
DA:35,0
DA:36,0
DA:41,0
DA:42,0
DA:43,0
DA:44,0
DA:45,0
DA:46,0
DA:47,0
LF:15
LH:1
end_of_record
SF:lib\src\video_player\method_channel_video_player.dart
DA:17,5
DA:19,5
DA:22,2
DA:24,2
DA:26,2
DA:30,4
DA:36,0
DA:38,4
DA:40,4
DA:41,4
DA:42,4
DA:43,4
DA:45,4
DA:50,3
DA:53,3
DA:56,3
DA:59,3
DA:60,3
DA:61,0
DA:62,0
DA:63,0
DA:64,0
DA:68,0
DA:69,0
DA:70,0
DA:71,0
DA:72,0
DA:73,0
DA:74,0
DA:76,3
DA:77,3
DA:78,3
DA:79,3
DA:80,3
DA:81,3
DA:82,3
DA:83,3
DA:84,3
DA:85,3
DA:86,3
DA:87,3
DA:88,3
DA:89,3
DA:90,3
DA:91,3
DA:92,3
DA:93,3
DA:94,3
DA:95,3
DA:96,3
DA:97,3
DA:99,0
DA:100,0
DA:101,0
DA:102,0
DA:106,0
DA:107,0
DA:108,0
DA:109,0
DA:110,0
DA:111,0
DA:112,0
DA:113,0
DA:116,3
DA:118,3
DA:126,3
DA:128,3
DA:130,3
DA:137,1
DA:139,1
DA:141,1
DA:145,3
DA:147,3
DA:149,3
DA:153,3
DA:155,3
DA:157,3
DA:164,0
DA:166,0
DA:168,0
DA:175,4
DA:182,4
DA:184,4
DA:193,1
DA:195,1
DA:197,1
DA:199,1
DA:204,0
DA:206,0
DA:207,0
DA:209,0
DA:215,0
DA:217,0
DA:219,0
DA:223,0
DA:225,0
DA:228,0
DA:236,0
DA:238,0
DA:248,2
DA:250,2
DA:252,2
DA:258,0
DA:260,0
DA:262,0
DA:268,1
DA:270,1
DA:272,1
DA:280,2
DA:282,2
DA:284,2
DA:291,0
DA:293,0
DA:295,0
DA:299,0
DA:301,0
DA:302,0
DA:303,0
DA:304,0
DA:305,0
DA:306,0
DA:307,0
DA:309,0
DA:310,0
DA:312,0
DA:314,0
DA:320,0
DA:322,0
DA:324,0
DA:328,3
DA:330,3
DA:331,3
DA:332,6
DA:334,3
DA:337,3
DA:338,3
DA:340,3
DA:345,3
DA:346,0
DA:347,0
DA:349,3
DA:350,3
DA:351,3
DA:354,0
DA:357,3
DA:359,3
DA:362,6
DA:365,0
DA:366,0
DA:370,0
DA:371,0
DA:373,0
DA:376,0
DA:378,0
DA:379,0
DA:383,0
DA:384,0
DA:389,0
DA:390,0
DA:395,0
DA:396,0
DA:401,0
DA:402,0
DA:405,0
DA:408,0
DA:409,0
DA:414,0
DA:415,0
DA:421,0
DA:429,2
DA:431,4
DA:432,0
DA:435,0
DA:438,2
DA:442,3
DA:443,6
DA:446,0
DA:448,0
DA:449,0
DA:450,0
LF:180
LH:89
end_of_record
